#
# There is insufficient memory for the Java Runtime Environment to continue.
# Native memory allocation (malloc) failed to allocate 1048576 bytes for AllocateHeap
# Possible reasons:
#   The system is out of physical RAM or swap space
#   The process is running with CompressedOops enabled, and the Java Heap may be blocking the growth of the native heap
# Possible solutions:
#   Reduce memory load on the system
#   Increase physical memory or swap space
#   Check if swap backing store is full
#   Decrease Java heap size (-Xmx/-Xms)
#   Decrease number of Java threads
#   Decrease Java thread stack sizes (-Xss)
#   Set larger code cache with -XX:ReservedCodeCacheSize=
#   JVM is running with Unscaled Compressed Oops mode in which the Java heap is
#     placed in the first 4GB address space. The Java Heap base address is the
#     maximum limit for the native heap growth. Please use -XX:HeapBaseMinAddress
#     to set the Java Heap base and to place the Java Heap above 4GB virtual address.
# This output file may be truncated or incomplete.
#
#  Out of Memory Error (memory/allocation.inline.hpp:61), pid=2668, tid=0x00000000000017ac
#
# JRE version:  (8.0_251-b08) (build )
# Java VM: Java HotSpot(TM) 64-Bit Server VM (25.251-b08 mixed mode windows-amd64 compressed oops)
# Failed to write core dump. Minidumps are not enabled by default on client versions of Windows
#

---------------  T H R E A D  ---------------

Current thread (0x000000000253e800):  JavaThread "Unknown thread" [_thread_in_vm, id=6060, stack(0x0000000002420000,0x0000000002520000)]

Stack: [0x0000000002420000,0x0000000002520000]
[error occurred during error reporting (printing stack bounds), id 0xc0000005]

Native frames: (J=compiled Java code, j=interpreted, Vv=VM code, C=native code)


---------------  P R O C E S S  ---------------

Java Threads: ( => current thread )

Other Threads:

=>0x000000000253e800 (exited) JavaThread "Unknown thread" [_thread_in_vm, id=6060, stack(0x0000000002420000,0x0000000002520000)]

VM state:not at safepoint (normal execution)

VM Mutex/Monitor currently owned by a thread: None

heap address: 0x00000000c1600000, size: 1002 MB, Compressed Oops mode: 32-bit
Narrow klass base: 0x0000000000000000, Narrow klass shift: 3
Compressed class space size: 1073741824 Address: 0x0000000100000000

Heap:
 PSYoungGen      total 18944K, used 327K [0x00000000eb200000, 0x00000000ec700000, 0x0000000100000000)
  eden space 16384K, 2% used [0x00000000eb200000,0x00000000eb251ec8,0x00000000ec200000)
  from space 2560K, 0% used [0x00000000ec480000,0x00000000ec480000,0x00000000ec700000)
  to   space 2560K, 0% used [0x00000000ec200000,0x00000000ec200000,0x00000000ec480000)
 ParOldGen       total 44032K, used 0K [0x00000000c1600000, 0x00000000c4100000, 0x00000000eb200000)
  object space 44032K, 0% used [0x00000000c1600000,0x00000000c1600000,0x00000000c4100000)
 Metaspace       used 776K, capacity 4480K, committed 4480K, reserved 1056768K
  class space    used 76K, capacity 384K, committed 384K, reserved 1048576K

Card table byte_map: [0x0000000011a00000,0x0000000011c00000] byte_map_base: 0x00000000113f5000

Marking Bits: (ParMarkBitMap*) 0x00000000668aaf90
 Begin Bits: [0x0000000012150000, 0x00000000130f8000)
 End Bits:   [0x00000000130f8000, 0x00000000140a0000)

Polling page: 0x0000000002260000

CodeCache: size=245760Kb used=328Kb max_used=328Kb free=245431Kb
 bounds [0x0000000002640000, 0x00000000028b0000, 0x0000000011640000]
 total_blobs=58 nmethods=0 adapters=38
 compilation: enabled

Compilation events (0 events):
No events

GC Heap History (0 events):
No events

Deoptimization events (0 events):
No events

Classes redefined (0 events):
No events

Internal exceptions (0 events):
No events

Events (10 events):
Event: 0.063 loading class java/lang/Short
Event: 0.063 loading class java/lang/Short done
Event: 0.063 loading class java/lang/Integer
Event: 0.063 loading class java/lang/Integer done
Event: 0.063 loading class java/lang/Long
Event: 0.064 loading class java/lang/Long done
Event: 0.065 loading class java/lang/NullPointerException
Event: 0.065 loading class java/lang/NullPointerException done
Event: 0.065 loading class java/lang/ArithmeticException
Event: 0.065 loading class java/lang/ArithmeticException done


Dynamic libraries:
0x00007ff6ea8d0000 - 0x00007ff6ea907000 	C:\Program Files\Java\jdk1.8.0_251\jre\bin\java.exe
0x00007fff86cd0000 - 0x00007fff86ec5000 	C:\WINDOWS\SYSTEM32\ntdll.dll
0x00007fff63e70000 - 0x00007fff63e82000 	C:\Program Files\Avast Software\Avast\aswhook.dll
0x00007fff85970000 - 0x00007fff85a2d000 	C:\WINDOWS\System32\KERNEL32.DLL
0x00007fff845f0000 - 0x00007fff848b9000 	C:\WINDOWS\System32\KERNELBASE.dll
0x00007fff85b90000 - 0x00007fff85c3c000 	C:\WINDOWS\System32\ADVAPI32.dll
0x00007fff86680000 - 0x00007fff8671e000 	C:\WINDOWS\System32\msvcrt.dll
0x00007fff85a30000 - 0x00007fff85acc000 	C:\WINDOWS\System32\sechost.dll
0x00007fff86720000 - 0x00007fff8684b000 	C:\WINDOWS\System32\RPCRT4.dll
0x00007fff85000000 - 0x00007fff851a0000 	C:\WINDOWS\System32\USER32.dll
0x00007fff845c0000 - 0x00007fff845e2000 	C:\WINDOWS\System32\win32u.dll
0x00007fff85c40000 - 0x00007fff85c6a000 	C:\WINDOWS\System32\GDI32.dll
0x00007fff84c20000 - 0x00007fff84d2b000 	C:\WINDOWS\System32\gdi32full.dll
0x00007fff84970000 - 0x00007fff84a0d000 	C:\WINDOWS\System32\msvcp_win.dll
0x00007fff84410000 - 0x00007fff84510000 	C:\WINDOWS\System32\ucrtbase.dll
0x00007fff71630000 - 0x00007fff718ca000 	C:\WINDOWS\WinSxS\amd64_microsoft.windows.common-controls_6595b64144ccf1df_6.0.19041.844_none_ca00b6081b84eb1d\COMCTL32.dll
0x00007fff865d0000 - 0x00007fff86600000 	C:\WINDOWS\System32\IMM32.DLL
0x0000000065fa0000 - 0x0000000066072000 	C:\Program Files\Java\jdk1.8.0_251\jre\bin\msvcr100.dll
0x0000000066080000 - 0x000000006692b000 	C:\Program Files\Java\jdk1.8.0_251\jre\bin\server\jvm.dll
0x00007fff85b80000 - 0x00007fff85b88000 	C:\WINDOWS\System32\PSAPI.DLL
0x00007fff70750000 - 0x00007fff70759000 	C:\WINDOWS\SYSTEM32\WSOCK32.dll
0x00007fff71ef0000 - 0x00007fff71f17000 	C:\WINDOWS\SYSTEM32\WINMM.dll
0x00007fff83310000 - 0x00007fff8331a000 	C:\WINDOWS\SYSTEM32\VERSION.dll
0x00007fff86a70000 - 0x00007fff86adb000 	C:\WINDOWS\System32\WS2_32.dll
0x00007fff79690000 - 0x00007fff7969f000 	C:\Program Files\Java\jdk1.8.0_251\jre\bin\verify.dll
0x00007fff77720000 - 0x00007fff77749000 	C:\Program Files\Java\jdk1.8.0_251\jre\bin\java.dll
0x00007fff77b90000 - 0x00007fff77ba6000 	C:\Program Files\Java\jdk1.8.0_251\jre\bin\zip.dll

VM Arguments:
java_command: C:\Users\DELL\AppData\Local\Temp\surefire2720748687758116295\surefirebooter7262099374816949468.jar C:\Users\DELL\AppData\Local\Temp\surefire2720748687758116295 2021-04-08T15-26-20_858-jvmRun1 surefire4798339477434992591tmp surefire_03022587645489095291tmp
java_class_path (initial): C:\Users\DELL\AppData\Local\Temp\surefire2720748687758116295\surefirebooter7262099374816949468.jar
Launcher Type: SUN_STANDARD

Environment Variables:
JAVA_HOME=C:\Program Files\Java\jdk1.8.0_251
PATH=C:/Program Files/Java/jdk1.8.0_251/bin/../jre/bin/server;C:/Program Files/Java/jdk1.8.0_251/bin/../jre/bin;C:/Program Files/Java/jdk1.8.0_251/bin/../jre/lib/amd64;C:\Program Files\Java\jdk1.8.0_251\bin;C:\WINDOWS\system32;C:\WINDOWS;C:\WINDOWS\system32\Wbem;C:\Program Files (x86)\Common Files\Oracle\Java\javapath;C:\WINDOWS\System32\WindowsPowerShell\v1.0\;C:\Program Files\Git\cmd;C:\Users\DELL\Downloads\apache-maven-3.6.3-bin\apache-maven-3.6.3\bin;C:\WINDOWS\System32\Wbem;C:\Program Files\nodejs\;C:\WINDOWS\System32\OpenSSH\;C:\Users\DELL\AppData\Local\Android\sdk\platform-tools;C:\Users\DELL\AppData\Local\Android\sdk\tools;C:\Users\DELL\AppData\Local\Android\sdk\tools\bin;C:\Program Files\Java\jdk1.8.0_251\bin;C:\Users\DELL\AppData\Local\Microsoft\WindowsApps;C:\Users\DELL\AppData\Local\Android\sdk\tools;C:\Users\DELL\AppData\Local\Android\sdk\platform-tools;C:\Users\DELL\AppData\Roaming\npm;C:\Users\DELL\AppData\Local\Android\sdk\tools\bin;;C:\Users\DELL\Desktop\eclipse;
USERNAME=DELL
OS=Windows_NT
PROCESSOR_IDENTIFIER=Intel64 Family 6 Model 69 Stepping 1, GenuineIntel



---------------  S Y S T E M  ---------------

OS: Windows 10.0 , 64 bit Build 19041 (10.0.19041.804)

CPU:total 4 (initial active 4) (2 cores per cpu, 2 threads per core) family 6 model 69 stepping 1, cmov, cx8, fxsr, mmx, sse, sse2, sse3, ssse3, sse4.1, sse4.2, popcnt, avx, avx2, aes, clmul, erms, lzcnt, ht, tsc, tscinvbit, bmi1, bmi2

Memory: 4k page, physical 4096184k(374120k free), swap 6144184k(5364k free)

vm_info: Java HotSpot(TM) 64-Bit Server VM (25.251-b08) for windows-amd64 JRE (1.8.0_251-b08), built on Mar 12 2020 06:31:49 by "" with MS VC++ 10.0 (VS2010)

time: Thu Apr 08 15:26:25 2021
timezone: India Standard Time
elapsed time: 0 seconds (0d 0h 0m 0s)

